<?xml version="1.0" encoding="UTF-8"?>
<!-- Generated by org.testng.reporters.JUnitReportReporter -->
<testsuite hostname="tekdi" failures="0" tests="3" name="pom.test.Prerak_Edit_Test" time="48.316" errors="0" timestamp="2023-11-22T12:02:22 IST" skipped="1">
  <testcase classname="pom.test.Prerak_Edit_Test" name="PM_PPE_PP_PrerakHome" time="16.569"/>
  <testcase classname="pom.test.Prerak_Edit_Test" name="PM_PPE_PP_EditPrerakDetails_editName" time="31.747"/>
  <testcase classname="pom.test.Prerak_Edit_Test" name="PM_PPE_PP_EditPrerakDetails_editAddress">
    <skipped/>
  </testcase> <!-- PM_PPE_PP_EditPrerakDetails_editAddress -->
</testsuite> <!-- pom.test.Prerak_Edit_Test -->
