<?xml version="1.0" encoding="UTF-8"?>
<!-- Generated by org.testng.reporters.JUnitReportReporter -->
<testsuite hostname="tekdi" failures="0" tests="1" name="pom.test.Ip_Login_Test" time="18.560" errors="0" timestamp="2023-11-22T12:02:22 IST" skipped="0">
  <testcase classname="pom.test.Ip_Login_Test" name="LM_L_LIP" time="18.560"/>
</testsuite> <!-- pom.test.Ip_Login_Test -->
