<?xml version="1.0" encoding="UTF-8"?>
<!-- Generated by org.testng.reporters.JUnitReportReporter -->
<testsuite hostname="tekdi" failures="0" tests="1" name="pom.test.Prerak_Login_Test" time="6.826" errors="0" timestamp="2023-11-22T14:17:41 IST" skipped="0">
  <testcase classname="pom.test.Prerak_Login_Test" name="LM_L_LP" time="6.826"/>
</testsuite> <!-- pom.test.Prerak_Login_Test -->
